Determining if the function sgemm_ exists failed with the following output:
Change Dir: /home/iruma/Documents/gitupload/UGASwithBuff/build/CMakeFiles/CMakeTmp

Run Build Command(s):/usr/bin/gmake -f Makefile cmTC_ab918/fast && /usr/bin/gmake  -f CMakeFiles/cmTC_ab918.dir/build.make CMakeFiles/cmTC_ab918.dir/build
gmake[1]: Entering directory '/home/iruma/Documents/gitupload/UGASwithBuff/build/CMakeFiles/CMakeTmp'
Building C object CMakeFiles/cmTC_ab918.dir/CheckFunctionExists.c.o
/usr/bin/cc   -DCHECK_FUNCTION_EXISTS=sgemm_ -o CMakeFiles/cmTC_ab918.dir/CheckFunctionExists.c.o -c /usr/share/cmake-3.22/Modules/CheckFunctionExists.c
Linking C executable cmTC_ab918
/usr/bin/cmake -E cmake_link_script CMakeFiles/cmTC_ab918.dir/link.txt --verbose=1
/usr/bin/cc  -DCHECK_FUNCTION_EXISTS=sgemm_ -rdynamic CMakeFiles/cmTC_ab918.dir/CheckFunctionExists.c.o -o cmTC_ab918 
/usr/bin/ld: CMakeFiles/cmTC_ab918.dir/CheckFunctionExists.c.o: in function `main':
CheckFunctionExists.c:(.text+0x14): undefined reference to `sgemm_'
collect2: error: ld returned 1 exit status
gmake[1]: *** [CMakeFiles/cmTC_ab918.dir/build.make:99: cmTC_ab918] Error 1
gmake[1]: Leaving directory '/home/iruma/Documents/gitupload/UGASwithBuff/build/CMakeFiles/CMakeTmp'
gmake: *** [Makefile:127: cmTC_ab918/fast] Error 2



Determining if the function cheev_ exists failed with the following output:
Change Dir: /home/iruma/Documents/gitupload/UGASwithBuff/build/CMakeFiles/CMakeTmp

Run Build Command(s):/usr/bin/gmake -f Makefile cmTC_f218b/fast && /usr/bin/gmake  -f CMakeFiles/cmTC_f218b.dir/build.make CMakeFiles/cmTC_f218b.dir/build
gmake[1]: Entering directory '/home/iruma/Documents/gitupload/UGASwithBuff/build/CMakeFiles/CMakeTmp'
Building C object CMakeFiles/cmTC_f218b.dir/CheckFunctionExists.c.o
/usr/bin/cc   -DCHECK_FUNCTION_EXISTS=cheev_ -o CMakeFiles/cmTC_f218b.dir/CheckFunctionExists.c.o -c /usr/share/cmake-3.22/Modules/CheckFunctionExists.c
Linking C executable cmTC_f218b
/usr/bin/cmake -E cmake_link_script CMakeFiles/cmTC_f218b.dir/link.txt --verbose=1
/usr/bin/cc  -DCHECK_FUNCTION_EXISTS=cheev_ -rdynamic CMakeFiles/cmTC_f218b.dir/CheckFunctionExists.c.o -o cmTC_f218b  /usr/lib/x86_64-linux-gnu/libblas.so /usr/lib/x86_64-linux-gnu/libf77blas.so /usr/lib/x86_64-linux-gnu/libatlas.so -lm -ldl 
/usr/bin/ld: CMakeFiles/cmTC_f218b.dir/CheckFunctionExists.c.o: in function `main':
CheckFunctionExists.c:(.text+0x14): undefined reference to `cheev_'
collect2: error: ld returned 1 exit status
gmake[1]: *** [CMakeFiles/cmTC_f218b.dir/build.make:102: cmTC_f218b] Error 1
gmake[1]: Leaving directory '/home/iruma/Documents/gitupload/UGASwithBuff/build/CMakeFiles/CMakeTmp'
gmake: *** [Makefile:127: cmTC_f218b/fast] Error 2



Determining if the function cheev_ exists failed with the following output:
Change Dir: /home/iruma/Documents/gitupload/UGASwithBuff/build/CMakeFiles/CMakeTmp

Run Build Command(s):/usr/bin/gmake -f Makefile cmTC_1ca67/fast && /usr/bin/gmake  -f CMakeFiles/cmTC_1ca67.dir/build.make CMakeFiles/cmTC_1ca67.dir/build
gmake[1]: Entering directory '/home/iruma/Documents/gitupload/UGASwithBuff/build/CMakeFiles/CMakeTmp'
Building C object CMakeFiles/cmTC_1ca67.dir/CheckFunctionExists.c.o
/usr/bin/cc   -DCHECK_FUNCTION_EXISTS=cheev_ -o CMakeFiles/cmTC_1ca67.dir/CheckFunctionExists.c.o -c /usr/share/cmake-3.22/Modules/CheckFunctionExists.c
Linking C executable cmTC_1ca67
/usr/bin/cmake -E cmake_link_script CMakeFiles/cmTC_1ca67.dir/link.txt --verbose=1
/usr/bin/cc  -DCHECK_FUNCTION_EXISTS=cheev_ -rdynamic CMakeFiles/cmTC_1ca67.dir/CheckFunctionExists.c.o -o cmTC_1ca67  /usr/lib/x86_64-linux-gnu/liblapack.so /usr/lib/x86_64-linux-gnu/libblas.so /usr/lib/x86_64-linux-gnu/libf77blas.so /usr/lib/x86_64-linux-gnu/libatlas.so -fortranlibs 
cc: error: unrecognized command-line option ‘-fortranlibs’
gmake[1]: *** [CMakeFiles/cmTC_1ca67.dir/build.make:103: cmTC_1ca67] Error 1
gmake[1]: Leaving directory '/home/iruma/Documents/gitupload/UGASwithBuff/build/CMakeFiles/CMakeTmp'
gmake: *** [Makefile:127: cmTC_1ca67/fast] Error 2



