Determining if the function sgemm_ exists failed with the following output:
Change Dir: /home/alliance/Desktop/UGAS/cmake-build-release/CMakeFiles/CMakeScratch/TryCompile-ViQ812

Run Build Command(s):/usr/bin/gmake -f Makefile cmTC_eb972/fast && /usr/bin/gmake  -f CMakeFiles/cmTC_eb972.dir/build.make CMakeFiles/cmTC_eb972.dir/build
gmake[1]: Entering directory '/home/alliance/Desktop/UGAS/cmake-build-release/CMakeFiles/CMakeScratch/TryCompile-ViQ812'
Building C object CMakeFiles/cmTC_eb972.dir/CheckFunctionExists.c.o
/usr/bin/cc   -DCHECK_FUNCTION_EXISTS=sgemm_ -fdiagnostics-color=always -o CMakeFiles/cmTC_eb972.dir/CheckFunctionExists.c.o -c /home/alliance/Desktop/UGAS/cmake-build-release/CMakeFiles/CMakeScratch/TryCompile-ViQ812/CheckFunctionExists.c
Linking C executable cmTC_eb972
/snap/clion/237/bin/cmake/linux/x64/bin/cmake -E cmake_link_script CMakeFiles/cmTC_eb972.dir/link.txt --verbose=1
/usr/bin/cc  -DCHECK_FUNCTION_EXISTS=sgemm_ -rdynamic CMakeFiles/cmTC_eb972.dir/CheckFunctionExists.c.o -o cmTC_eb972 
/usr/bin/ld: CMakeFiles/cmTC_eb972.dir/CheckFunctionExists.c.o: in function `main':
CheckFunctionExists.c:(.text+0x14): undefined reference to `sgemm_'
collect2: error: ld returned 1 exit status
gmake[1]: *** [CMakeFiles/cmTC_eb972.dir/build.make:99: cmTC_eb972] Error 1
gmake[1]: Leaving directory '/home/alliance/Desktop/UGAS/cmake-build-release/CMakeFiles/CMakeScratch/TryCompile-ViQ812'
gmake: *** [Makefile:127: cmTC_eb972/fast] Error 2



Determining if the function cheev_ exists failed with the following output:
Change Dir: /home/alliance/Desktop/UGAS/cmake-build-release/CMakeFiles/CMakeScratch/TryCompile-nYSODB

Run Build Command(s):/usr/bin/gmake -f Makefile cmTC_08fdc/fast && /usr/bin/gmake  -f CMakeFiles/cmTC_08fdc.dir/build.make CMakeFiles/cmTC_08fdc.dir/build
gmake[1]: Entering directory '/home/alliance/Desktop/UGAS/cmake-build-release/CMakeFiles/CMakeScratch/TryCompile-nYSODB'
Building C object CMakeFiles/cmTC_08fdc.dir/CheckFunctionExists.c.o
/usr/bin/cc   -DCHECK_FUNCTION_EXISTS=cheev_ -fdiagnostics-color=always -o CMakeFiles/cmTC_08fdc.dir/CheckFunctionExists.c.o -c /home/alliance/Desktop/UGAS/cmake-build-release/CMakeFiles/CMakeScratch/TryCompile-nYSODB/CheckFunctionExists.c
Linking C executable cmTC_08fdc
/snap/clion/237/bin/cmake/linux/x64/bin/cmake -E cmake_link_script CMakeFiles/cmTC_08fdc.dir/link.txt --verbose=1
/usr/bin/cc  -DCHECK_FUNCTION_EXISTS=cheev_ -rdynamic CMakeFiles/cmTC_08fdc.dir/CheckFunctionExists.c.o -o cmTC_08fdc  /usr/lib/x86_64-linux-gnu/libblas.so /usr/lib/x86_64-linux-gnu/libf77blas.so /usr/lib/x86_64-linux-gnu/libatlas.so -lm -ldl 
/usr/bin/ld: CMakeFiles/cmTC_08fdc.dir/CheckFunctionExists.c.o: in function `main':
CheckFunctionExists.c:(.text+0x14): undefined reference to `cheev_'
collect2: error: ld returned 1 exit status
gmake[1]: *** [CMakeFiles/cmTC_08fdc.dir/build.make:102: cmTC_08fdc] Error 1
gmake[1]: Leaving directory '/home/alliance/Desktop/UGAS/cmake-build-release/CMakeFiles/CMakeScratch/TryCompile-nYSODB'
gmake: *** [Makefile:127: cmTC_08fdc/fast] Error 2



